<?xml version="1.0" encoding="UTF-8"?>
<!-- Generated by org.testng.reporters.JUnitReportReporter -->
<testsuite skipped="0" hostname="LAPTOP-F7AT1HAA" name="mewmaven.test1" tests="2" failures="0" timestamp="22 Jun 2019 10:55:27 GMT" time="0.020" errors="0">
  <testcase name="BrowserAutomation" time="0.015" classname="mewmaven.test1"/>
  <testcase name="login" time="0.005" classname="mewmaven.test1"/>
</testsuite> <!-- mewmaven.test1 -->
