<?xml version="1.0" encoding="UTF-8"?>
<!-- Generated by org.testng.reporters.JUnitReportReporter -->
<testsuite skipped="0" hostname="LAPTOP-F7AT1HAA" name="mewmaven.twoTest" tests="2" failures="0" timestamp="24 Jun 2019 11:48:56 GMT" time="0.002" errors="0">
  <testcase name="deletetwitter" time="0.001" classname="mewmaven.twoTest"/>
  <testcase name="deletefb" time="0.001" classname="mewmaven.twoTest"/>
</testsuite> <!-- mewmaven.twoTest -->
