<?xml version="1.0" encoding="UTF-8"?>
<!-- Generated by org.testng.reporters.JUnitReportReporter -->
<testsuite skipped="0" hostname="LAPTOP-F7AT1HAA" name="mewmaven.test3" tests="2" failures="0" timestamp="24 Jun 2019 09:05:05 GMT" time="0.000" errors="0">
  <testcase name="opentwitter" time="0.000" classname="mewmaven.test3"/>
  <testcase name="openfb" time="0.000" classname="mewmaven.test3"/>
</testsuite> <!-- mewmaven.test3 -->
