<?xml version="1.0" encoding="UTF-8"?>
<!-- Generated by org.testng.reporters.JUnitReportReporter -->
<testsuite skipped="0" hostname="LAPTOP-F7AT1HAA" name="mewmaven.threeTest" tests="2" failures="0" timestamp="24 Jun 2019 11:48:56 GMT" time="0.016" errors="0">
  <testcase name="openfb" time="0.016" classname="mewmaven.threeTest"/>
  <testcase name="opentwitter" time="0.000" classname="mewmaven.threeTest"/>
</testsuite> <!-- mewmaven.threeTest -->
