<?xml version="1.0" encoding="UTF-8"?>
<!-- Generated by org.testng.reporters.JUnitReportReporter -->
<testsuite skipped="0" hostname="LAPTOP-F7AT1HAA" name="mewmaven.test2" tests="2" failures="0" timestamp="24 Jun 2019 09:05:05 GMT" time="0.000" errors="0">
  <testcase name="deletefb" time="0.000" classname="mewmaven.test2"/>
  <testcase name="deletetwitter" time="0.000" classname="mewmaven.test2"/>
</testsuite> <!-- mewmaven.test2 -->
