<?xml version="1.0" encoding="UTF-8"?>
<!-- Generated by org.testng.reporters.JUnitReportReporter -->
<testsuite skipped="0" hostname="LAPTOP-F7AT1HAA" name="mewmaven.oneTest" tests="2" failures="0" timestamp="24 Jun 2019 11:48:56 GMT" time="0.007" errors="0">
  <testcase name="BrowserAutomation" time="0.007" classname="mewmaven.oneTest"/>
  <testcase name="login" time="0.000" classname="mewmaven.oneTest"/>
</testsuite> <!-- mewmaven.oneTest -->
